# JRE version: Java(TM) SE Runtime Environment (17.0.5+9) (build 17.0.5+9-LTS-191)
# Java VM: Java HotSpot(TM) 64-Bit Server VM (17.0.5+9-LTS-191, mixed mode, sharing, tiered, compressed oops, compressed class ptrs, g1 gc, windows-amd64)
GC Precious Log:
 CPUs: 4 total, 4 available
 Memory: 2806M
 Large Page Support: Disabled
 NUMA Support: Disabled
 Compressed Oops: Enabled (32-bit)
 Heap Region Size: 1M
 Heap Min Capacity: 8M
 Heap Initial Capacity: 44M
 Heap Max Capacity: 702M
 Pre-touch: Disabled
 Parallel Workers: 4
 Concurrent Workers: 1
 Concurrent Refinement Workers: 4
 Periodic GC: Disabled
Heap:
 garbage-first heap   total 56320K, used 35451K [0x00000000d4200000, 0x0000000100000000)
  region size 1024K, 4 young (4096K), 1 survivors (1024K)
 Metaspace       used 52616K, committed 53056K, reserved 1097728K
  class space    used 7008K, committed 7232K, reserved 1048576K
GC Heap History (20 events):
Event: 13.999 GC heap before
{Heap before GC invocations=12 (full 0):
 garbage-first heap   total 54272K, used 41098K [0x00000000d4200000, 0x0000000100000000)
  region size 1024K, 25 young (25600K), 4 survivors (4096K)
 Metaspace       used 31053K, committed 31552K, reserved 1081344K
  class space    used 3982K, committed 4224K, reserved 1048576K
}
Event: 14.012 GC heap after
{Heap after GC invocations=13 (full 0):
 garbage-first heap   total 54272K, used 21911K [0x00000000d4200000, 0x0000000100000000)
  region size 1024K, 4 young (4096K), 4 survivors (4096K)
 Metaspace       used 31053K, committed 31552K, reserved 1081344K
  class space    used 3982K, committed 4224K, reserved 1048576K
}
Event: 15.530 GC heap before
{Heap before GC invocations=13 (full 0):
 garbage-first heap   total 54272K, used 40343K [0x00000000d4200000, 0x0000000100000000)
  region size 1024K, 23 young (23552K), 4 survivors (4096K)
 Metaspace       used 33507K, committed 33984K, reserved 1081344K
  class space    used 4337K, committed 4544K, reserved 1048576K
}
Event: 15.542 GC heap after
{Heap after GC invocations=14 (full 0):
 garbage-first heap   total 54272K, used 23818K [0x00000000d4200000, 0x0000000100000000)
  region size 1024K, 2 young (2048K), 2 survivors (2048K)
 Metaspace       used 33507K, committed 33984K, reserved 1081344K
  class space    used 4337K, committed 4544K, reserved 1048576K
}
Event: 16.281 GC heap before
{Heap before GC invocations=14 (full 0):
 garbage-first heap   total 54272K, used 32010K [0x00000000d4200000, 0x0000000100000000)
  region size 1024K, 12 young (12288K), 2 survivors (2048K)
 Metaspace       used 35736K, committed 36096K, reserved 1081344K
  class space    used 4619K, committed 4800K, reserved 1048576K
}
Event: 16.287 GC heap after
{Heap after GC invocations=15 (full 0):
 garbage-first heap   total 54272K, used 24389K [0x00000000d4200000, 0x0000000100000000)
  region size 1024K, 1 young (1024K), 1 survivors (1024K)
 Metaspace       used 35736K, committed 36096K, reserved 1081344K
  class space    used 4619K, committed 4800K, reserved 1048576K
}
Event: 17.530 GC heap before
{Heap before GC invocations=16 (full 0):
 garbage-first heap   total 54272K, used 42821K [0x00000000d4200000, 0x0000000100000000)
  region size 1024K, 19 young (19456K), 1 survivors (1024K)
 Metaspace       used 38186K, committed 38592K, reserved 1089536K
  class space    used 5020K, committed 5184K, reserved 1048576K
}
Event: 17.537 GC heap after
{Heap after GC invocations=17 (full 0):
 garbage-first heap   total 54272K, used 25475K [0x00000000d4200000, 0x0000000100000000)
  region size 1024K, 2 young (2048K), 2 survivors (2048K)
 Metaspace       used 38186K, committed 38592K, reserved 1089536K
  class space    used 5020K, committed 5184K, reserved 1048576K
}
Event: 19.491 GC heap before
{Heap before GC invocations=17 (full 0):
 garbage-first heap   total 54272K, used 42883K [0x00000000d4200000, 0x0000000100000000)
  region size 1024K, 19 young (19456K), 2 survivors (2048K)
 Metaspace       used 40511K, committed 41024K, reserved 1089536K
  class space    used 5361K, committed 5568K, reserved 1048576K
}
Event: 19.499 GC heap after
{Heap after GC invocations=18 (full 0):
 garbage-first heap   total 54272K, used 26874K [0x00000000d4200000, 0x0000000100000000)
  region size 1024K, 3 young (3072K), 3 survivors (3072K)
 Metaspace       used 40511K, committed 41024K, reserved 1089536K
  class space    used 5361K, committed 5568K, reserved 1048576K
}
Event: 20.681 GC heap before
{Heap before GC invocations=18 (full 0):
 garbage-first heap   total 54272K, used 43258K [0x00000000d4200000, 0x0000000100000000)
  region size 1024K, 19 young (19456K), 3 survivors (3072K)
 Metaspace       used 43303K, committed 43712K, reserved 1089536K
  class space    used 5774K, committed 5952K, reserved 1048576K
}
Event: 20.691 GC heap after
{Heap after GC invocations=19 (full 0):
 garbage-first heap   total 54272K, used 28377K [0x00000000d4200000, 0x0000000100000000)
  region size 1024K, 3 young (3072K), 3 survivors (3072K)
 Metaspace       used 43303K, committed 43712K, reserved 1089536K
  class space    used 5774K, committed 5952K, reserved 1048576K
}
Event: 21.969 GC heap before
{Heap before GC invocations=20 (full 0):
 garbage-first heap   total 54272K, used 43737K [0x00000000d4200000, 0x0000000100000000)
  region size 1024K, 18 young (18432K), 3 survivors (3072K)
 Metaspace       used 47587K, committed 48064K, reserved 1097728K
  class space    used 6323K, committed 6528K, reserved 1048576K
}
Event: 21.984 GC heap after
{Heap after GC invocations=21 (full 0):
 garbage-first heap   total 54272K, used 30388K [0x00000000d4200000, 0x0000000100000000)
  region size 1024K, 3 young (3072K), 3 survivors (3072K)
 Metaspace       used 47587K, committed 48064K, reserved 1097728K
  class space    used 6323K, committed 6528K, reserved 1048576K
}
Event: 23.016 GC heap before
{Heap before GC invocations=21 (full 0):
 garbage-first heap   total 54272K, used 43700K [0x00000000d4200000, 0x0000000100000000)
  region size 1024K, 16 young (16384K), 3 survivors (3072K)
 Metaspace       used 50052K, committed 50560K, reserved 1097728K
  class space    used 6695K, committed 6912K, reserved 1048576K
}
Event: 23.028 GC heap after
{Heap after GC invocations=22 (full 0):
 garbage-first heap   total 54272K, used 32525K [0x00000000d4200000, 0x0000000100000000)
  region size 1024K, 2 young (2048K), 2 survivors (2048K)
 Metaspace       used 50052K, committed 50560K, reserved 1097728K
  class space    used 6695K, committed 6912K, reserved 1048576K
}
Event: 53.108 GC heap before
{Heap before GC invocations=23 (full 0):
 garbage-first heap   total 56320K, used 43789K [0x00000000d4200000, 0x0000000100000000)
  region size 1024K, 13 young (13312K), 2 survivors (2048K)
 Metaspace       used 52411K, committed 52928K, reserved 1097728K
  class space    used 7004K, committed 7232K, reserved 1048576K
}
Event: 53.116 GC heap after
{Heap after GC invocations=24 (full 0):
 garbage-first heap   total 56320K, used 33641K [0x00000000d4200000, 0x0000000100000000)
  region size 1024K, 2 young (2048K), 2 survivors (2048K)
 Metaspace       used 52411K, committed 52928K, reserved 1097728K
  class space    used 7004K, committed 7232K, reserved 1048576K
}
Event: 53.467 GC heap before
{Heap before GC invocations=24 (full 0):
 garbage-first heap   total 56320K, used 34665K [0x00000000d4200000, 0x0000000100000000)
  region size 1024K, 3 young (3072K), 2 survivors (2048K)
 Metaspace       used 52499K, committed 52992K, reserved 1097728K
  class space    used 7007K, committed 7232K, reserved 1048576K
}
Event: 53.474 GC heap after
{Heap after GC invocations=25 (full 0):
 garbage-first heap   total 56320K, used 33403K [0x00000000d4200000, 0x0000000100000000)
  region size 1024K, 1 young (1024K), 1 survivors (1024K)
 Metaspace       used 52499K, committed 52992K, reserved 1097728K
  class space    used 7007K, committed 7232K, reserved 1048576K
}

