# JRE version: Java(TM) SE Runtime Environment (17.0.5+9) (build 17.0.5+9-LTS-191)
# Java VM: Java HotSpot(TM) 64-Bit Server VM (17.0.5+9-LTS-191, mixed mode, sharing, tiered, compressed oops, compressed class ptrs, g1 gc, windows-amd64)
GC Precious Log:
 CPUs: 4 total, 4 available
 Memory: 2806M
 Large Page Support: Disabled
 NUMA Support: Disabled
 Compressed Oops: Enabled (32-bit)
 Heap Region Size: 1M
 Heap Min Capacity: 8M
 Heap Initial Capacity: 44M
 Heap Max Capacity: 702M
 Pre-touch: Disabled
 Parallel Workers: 4
 Concurrent Workers: 1
 Concurrent Refinement Workers: 4
 Periodic GC: Disabled
Heap:
 garbage-first heap   total 97280K, used 39100K [0x00000000d4200000, 0x0000000100000000)
  region size 1024K, 9 young (9216K), 1 survivors (1024K)
 Metaspace       used 28200K, committed 28608K, reserved 1081344K
  class space    used 3156K, committed 3328K, reserved 1048576K
GC Heap History (20 events):
Event: 31.120 GC heap before
{Heap before GC invocations=13 (full 0):
 garbage-first heap   total 45056K, used 24269K [0x00000000d4200000, 0x0000000100000000)
  region size 1024K, 4 young (4096K), 1 survivors (1024K)
 Metaspace       used 14165K, committed 14336K, reserved 1064960K
  class space    used 1534K, committed 1600K, reserved 1048576K
}
Event: 31.126 GC heap after
{Heap after GC invocations=14 (full 0):
 garbage-first heap   total 45056K, used 22500K [0x00000000d4200000, 0x0000000100000000)
  region size 1024K, 2 young (2048K), 2 survivors (2048K)
 Metaspace       used 14165K, committed 14336K, reserved 1064960K
  class space    used 1534K, committed 1600K, reserved 1048576K
}
Event: 31.130 GC heap before
{Heap before GC invocations=14 (full 0):
 garbage-first heap   total 45056K, used 30692K [0x00000000d4200000, 0x0000000100000000)
  region size 1024K, 3 young (3072K), 2 survivors (2048K)
 Metaspace       used 14165K, committed 14336K, reserved 1064960K
  class space    used 1534K, committed 1600K, reserved 1048576K
}
Event: 31.136 GC heap after
{Heap after GC invocations=15 (full 0):
 garbage-first heap   total 54272K, used 30691K [0x00000000d4200000, 0x0000000100000000)
  region size 1024K, 1 young (1024K), 1 survivors (1024K)
 Metaspace       used 14165K, committed 14336K, reserved 1064960K
  class space    used 1534K, committed 1600K, reserved 1048576K
}
Event: 31.750 GC heap before
{Heap before GC invocations=16 (full 0):
 garbage-first heap   total 97280K, used 64483K [0x00000000d4200000, 0x0000000100000000)
  region size 1024K, 10 young (10240K), 1 survivors (1024K)
 Metaspace       used 14347K, committed 14528K, reserved 1064960K
  class space    used 1548K, committed 1600K, reserved 1048576K
}
Event: 31.757 GC heap after
{Heap after GC invocations=17 (full 0):
 garbage-first heap   total 97280K, used 23004K [0x00000000d4200000, 0x0000000100000000)
  region size 1024K, 2 young (2048K), 2 survivors (2048K)
 Metaspace       used 14347K, committed 14528K, reserved 1064960K
  class space    used 1548K, committed 1600K, reserved 1048576K
}
Event: 42.626 GC heap before
{Heap before GC invocations=17 (full 0):
 garbage-first heap   total 97280K, used 88540K [0x00000000d4200000, 0x0000000100000000)
  region size 1024K, 52 young (53248K), 2 survivors (2048K)
 Metaspace       used 17483K, committed 17728K, reserved 1064960K
  class space    used 1901K, committed 1984K, reserved 1048576K
}
Event: 42.656 GC heap after
{Heap after GC invocations=18 (full 0):
 garbage-first heap   total 97280K, used 41359K [0x00000000d4200000, 0x0000000100000000)
  region size 1024K, 5 young (5120K), 5 survivors (5120K)
 Metaspace       used 17483K, committed 17728K, reserved 1064960K
  class space    used 1901K, committed 1984K, reserved 1048576K
}
Event: 49.073 GC heap before
{Heap before GC invocations=18 (full 0):
 garbage-first heap   total 97280K, used 84367K [0x00000000d4200000, 0x0000000100000000)
  region size 1024K, 39 young (39936K), 5 survivors (5120K)
 Metaspace       used 17957K, committed 18240K, reserved 1073152K
  class space    used 1954K, committed 2048K, reserved 1048576K
}
Event: 49.097 GC heap after
{Heap after GC invocations=19 (full 0):
 garbage-first heap   total 97280K, used 28336K [0x00000000d4200000, 0x0000000100000000)
  region size 1024K, 3 young (3072K), 3 survivors (3072K)
 Metaspace       used 17957K, committed 18240K, reserved 1073152K
  class space    used 1954K, committed 2048K, reserved 1048576K
}
Event: 61.861 GC heap before
{Heap before GC invocations=19 (full 0):
 garbage-first heap   total 97280K, used 78512K [0x00000000d4200000, 0x0000000100000000)
  region size 1024K, 49 young (50176K), 3 survivors (3072K)
 Metaspace       used 19704K, committed 20032K, reserved 1073152K
  class space    used 2157K, committed 2304K, reserved 1048576K
}
Event: 61.887 GC heap after
{Heap after GC invocations=20 (full 0):
 garbage-first heap   total 97280K, used 29188K [0x00000000d4200000, 0x0000000100000000)
  region size 1024K, 4 young (4096K), 4 survivors (4096K)
 Metaspace       used 19704K, committed 20032K, reserved 1073152K
  class space    used 2157K, committed 2304K, reserved 1048576K
}
Event: 66.208 GC heap before
{Heap before GC invocations=20 (full 0):
 garbage-first heap   total 97280K, used 71172K [0x00000000d4200000, 0x0000000100000000)
  region size 1024K, 44 young (45056K), 4 survivors (4096K)
 Metaspace       used 23665K, committed 24000K, reserved 1073152K
  class space    used 2593K, committed 2752K, reserved 1048576K
}
Event: 66.225 GC heap after
{Heap after GC invocations=21 (full 0):
 garbage-first heap   total 97280K, used 30621K [0x00000000d4200000, 0x0000000100000000)
  region size 1024K, 5 young (5120K), 5 survivors (5120K)
 Metaspace       used 23665K, committed 24000K, reserved 1073152K
  class space    used 2593K, committed 2752K, reserved 1048576K
}
Event: 290.717 GC heap before
{Heap before GC invocations=22 (full 0):
 garbage-first heap   total 97280K, used 77725K [0x00000000d4200000, 0x0000000100000000)
  region size 1024K, 51 young (52224K), 5 survivors (5120K)
 Metaspace       used 26570K, committed 26944K, reserved 1073152K
  class space    used 2968K, committed 3136K, reserved 1048576K
}
Event: 292.302 GC heap after
{Heap after GC invocations=23 (full 0):
 garbage-first heap   total 97280K, used 32196K [0x00000000d4200000, 0x0000000100000000)
  region size 1024K, 4 young (4096K), 4 survivors (4096K)
 Metaspace       used 26570K, committed 26944K, reserved 1073152K
  class space    used 2968K, committed 3136K, reserved 1048576K
}
Event: 294.256 GC heap before
{Heap before GC invocations=23 (full 0):
 garbage-first heap   total 97280K, used 33220K [0x00000000d4200000, 0x0000000100000000)
  region size 1024K, 5 young (5120K), 4 survivors (4096K)
 Metaspace       used 26570K, committed 26944K, reserved 1073152K
  class space    used 2968K, committed 3136K, reserved 1048576K
}
Event: 294.273 GC heap after
{Heap after GC invocations=24 (full 0):
 garbage-first heap   total 97280K, used 32685K [0x00000000d4200000, 0x0000000100000000)
  region size 1024K, 1 young (1024K), 1 survivors (1024K)
 Metaspace       used 26570K, committed 26944K, reserved 1073152K
  class space    used 2968K, committed 3136K, reserved 1048576K
}
Event: 677.134 GC heap before
{Heap before GC invocations=24 (full 0):
 garbage-first heap   total 97280K, used 79789K [0x00000000d4200000, 0x0000000100000000)
  region size 1024K, 47 young (48128K), 1 survivors (1024K)
 Metaspace       used 27402K, committed 27776K, reserved 1081344K
  class space    used 3063K, committed 3200K, reserved 1048576K
}
Event: 677.522 GC heap after
{Heap after GC invocations=25 (full 0):
 garbage-first heap   total 97280K, used 32956K [0x00000000d4200000, 0x0000000100000000)
  region size 1024K, 1 young (1024K), 1 survivors (1024K)
 Metaspace       used 27402K, committed 27776K, reserved 1081344K
  class space    used 3063K, committed 3200K, reserved 1048576K
}

