# JRE version: Java(TM) SE Runtime Environment (17.0.5+9) (build 17.0.5+9-LTS-191)
# Java VM: Java HotSpot(TM) 64-Bit Server VM (17.0.5+9-LTS-191, mixed mode, sharing, tiered, compressed oops, compressed class ptrs, g1 gc, windows-amd64)
GC Precious Log:
 CPUs: 4 total, 4 available
 Memory: 2998M
 Large Page Support: Disabled
 NUMA Support: Disabled
 Compressed Oops: Enabled (32-bit)
 Heap Region Size: 1M
 Heap Min Capacity: 8M
 Heap Initial Capacity: 48M
 Heap Max Capacity: 750M
 Pre-touch: Disabled
 Parallel Workers: 4
 Concurrent Workers: 1
 Concurrent Refinement Workers: 4
 Periodic GC: Disabled
Heap:
 garbage-first heap   total 163840K, used 116690K [0x00000000d1200000, 0x0000000100000000)
  region size 1024K, 77 young (78848K), 8 survivors (8192K)
 Metaspace       used 74518K, committed 75008K, reserved 1114112K
  class space    used 10166K, committed 10368K, reserved 1048576K
GC Heap History (20 events):
Event: 164.888 GC heap before
{Heap before GC invocations=38 (full 0):
 garbage-first heap   total 66560K, used 38004K [0x00000000d1200000, 0x0000000100000000)
  region size 1024K, 3 young (3072K), 2 survivors (2048K)
 Metaspace       used 54068K, committed 54592K, reserved 1097728K
  class space    used 7057K, committed 7296K, reserved 1048576K
}
Event: 164.929 GC heap after
{Heap after GC invocations=39 (full 0):
 garbage-first heap   total 66560K, used 36672K [0x00000000d1200000, 0x0000000100000000)
  region size 1024K, 1 young (1024K), 1 survivors (1024K)
 Metaspace       used 54068K, committed 54592K, reserved 1097728K
  class space    used 7057K, committed 7296K, reserved 1048576K
}
Event: 168.542 GC heap before
{Heap before GC invocations=39 (full 0):
 garbage-first heap   total 66560K, used 54080K [0x00000000d1200000, 0x0000000100000000)
  region size 1024K, 18 young (18432K), 1 survivors (1024K)
 Metaspace       used 58863K, committed 59328K, reserved 1105920K
  class space    used 7802K, committed 8064K, reserved 1048576K
}
Event: 168.562 GC heap after
{Heap after GC invocations=40 (full 0):
 garbage-first heap   total 66560K, used 37228K [0x00000000d1200000, 0x0000000100000000)
  region size 1024K, 1 young (1024K), 1 survivors (1024K)
 Metaspace       used 58863K, committed 59328K, reserved 1105920K
  class space    used 7802K, committed 8064K, reserved 1048576K
}
Event: 173.353 GC heap before
{Heap before GC invocations=41 (full 0):
 garbage-first heap   total 66560K, used 54636K [0x00000000d1200000, 0x0000000100000000)
  region size 1024K, 18 young (18432K), 1 survivors (1024K)
 Metaspace       used 63099K, committed 63552K, reserved 1105920K
  class space    used 8540K, committed 8768K, reserved 1048576K
}
Event: 173.363 GC heap after
{Heap after GC invocations=42 (full 0):
 garbage-first heap   total 66560K, used 37778K [0x00000000d1200000, 0x0000000100000000)
  region size 1024K, 2 young (2048K), 2 survivors (2048K)
 Metaspace       used 63099K, committed 63552K, reserved 1105920K
  class space    used 8540K, committed 8768K, reserved 1048576K
}
Event: 173.578 GC heap before
{Heap before GC invocations=42 (full 0):
 garbage-first heap   total 66560K, used 38802K [0x00000000d1200000, 0x0000000100000000)
  region size 1024K, 3 young (3072K), 2 survivors (2048K)
 Metaspace       used 63281K, committed 63744K, reserved 1105920K
  class space    used 8578K, committed 8832K, reserved 1048576K
}
Event: 173.623 GC heap after
{Heap after GC invocations=43 (full 0):
 garbage-first heap   total 66560K, used 37676K [0x00000000d1200000, 0x0000000100000000)
  region size 1024K, 1 young (1024K), 1 survivors (1024K)
 Metaspace       used 63281K, committed 63744K, reserved 1105920K
  class space    used 8578K, committed 8832K, reserved 1048576K
}
Event: 176.139 GC heap before
{Heap before GC invocations=43 (full 0):
 garbage-first heap   total 66560K, used 54060K [0x00000000d1200000, 0x0000000100000000)
  region size 1024K, 18 young (18432K), 1 survivors (1024K)
 Metaspace       used 64150K, committed 64704K, reserved 1105920K
  class space    used 8700K, committed 8960K, reserved 1048576K
}
Event: 176.150 GC heap after
{Heap after GC invocations=44 (full 0):
 garbage-first heap   total 66560K, used 38519K [0x00000000d1200000, 0x0000000100000000)
  region size 1024K, 2 young (2048K), 2 survivors (2048K)
 Metaspace       used 64150K, committed 64704K, reserved 1105920K
  class space    used 8700K, committed 8960K, reserved 1048576K
}
Event: 178.967 GC heap before
{Heap before GC invocations=45 (full 0):
 garbage-first heap   total 70656K, used 54903K [0x00000000d1200000, 0x0000000100000000)
  region size 1024K, 18 young (18432K), 2 survivors (2048K)
 Metaspace       used 65784K, committed 66240K, reserved 1114112K
  class space    used 8872K, committed 9088K, reserved 1048576K
}
Event: 178.984 GC heap after
{Heap after GC invocations=46 (full 0):
 garbage-first heap   total 70656K, used 39574K [0x00000000d1200000, 0x0000000100000000)
  region size 1024K, 3 young (3072K), 3 survivors (3072K)
 Metaspace       used 65784K, committed 66240K, reserved 1114112K
  class space    used 8872K, committed 9088K, reserved 1048576K
}
Event: 179.071 GC heap before
{Heap before GC invocations=46 (full 0):
 garbage-first heap   total 70656K, used 40598K [0x00000000d1200000, 0x0000000100000000)
  region size 1024K, 4 young (4096K), 3 survivors (3072K)
 Metaspace       used 65822K, committed 66304K, reserved 1114112K
  class space    used 8877K, committed 9088K, reserved 1048576K
}
Event: 179.105 GC heap after
{Heap after GC invocations=47 (full 0):
 garbage-first heap   total 70656K, used 39512K [0x00000000d1200000, 0x0000000100000000)
  region size 1024K, 1 young (1024K), 1 survivors (1024K)
 Metaspace       used 65822K, committed 66304K, reserved 1114112K
  class space    used 8877K, committed 9088K, reserved 1048576K
}
Event: 183.434 GC heap before
{Heap before GC invocations=47 (full 0):
 garbage-first heap   total 70656K, used 57944K [0x00000000d1200000, 0x0000000100000000)
  region size 1024K, 19 young (19456K), 1 survivors (1024K)
 Metaspace       used 67632K, committed 68160K, reserved 1114112K
  class space    used 9162K, committed 9408K, reserved 1048576K
}
Event: 183.448 GC heap after
{Heap after GC invocations=48 (full 0):
 garbage-first heap   total 163840K, used 40133K [0x00000000d1200000, 0x0000000100000000)
  region size 1024K, 1 young (1024K), 1 survivors (1024K)
 Metaspace       used 67632K, committed 68160K, reserved 1114112K
  class space    used 9162K, committed 9408K, reserved 1048576K
}
Event: 196.337 GC heap before
{Heap before GC invocations=48 (full 0):
 garbage-first heap   total 163840K, used 129221K [0x00000000d1200000, 0x0000000100000000)
  region size 1024K, 88 young (90112K), 1 survivors (1024K)
 Metaspace       used 69825K, committed 70272K, reserved 1114112K
  class space    used 9457K, committed 9664K, reserved 1048576K
}
Event: 196.382 GC heap after
{Heap after GC invocations=49 (full 0):
 garbage-first heap   total 163840K, used 43962K [0x00000000d1200000, 0x0000000100000000)
  region size 1024K, 5 young (5120K), 5 survivors (5120K)
 Metaspace       used 69825K, committed 70272K, reserved 1114112K
  class space    used 9457K, committed 9664K, reserved 1048576K
}
Event: 207.862 GC heap before
{Heap before GC invocations=49 (full 0):
 garbage-first heap   total 163840K, used 129978K [0x00000000d1200000, 0x0000000100000000)
  region size 1024K, 89 young (91136K), 5 survivors (5120K)
 Metaspace       used 71918K, committed 72448K, reserved 1114112K
  class space    used 9798K, committed 10048K, reserved 1048576K
}
Event: 207.941 GC heap after
{Heap after GC invocations=50 (full 0):
 garbage-first heap   total 163840K, used 47058K [0x00000000d1200000, 0x0000000100000000)
  region size 1024K, 8 young (8192K), 8 survivors (8192K)
 Metaspace       used 71918K, committed 72448K, reserved 1114112K
  class space    used 9798K, committed 10048K, reserved 1048576K
}

